
[4m/Users/i303717/Development/Asiamiles/sources/git/amiredeem/custom/asiamilesstorefront/web/webroot/_frontend/WEB-INF/_ui-src/responsive/aml/js/utils/isDropdown.js[24m
  [2m70:25[22m  [31merror[39m  Strings must use singlequote               [2mquotes[22m
  [2m70:63[22m  [31merror[39m  Missing space before function parentheses  [2mspace-before-function-paren[22m
  [2m70:64[22m  [31merror[39m  'idx' is defined but never used            [2mno-unused-vars[22m
  [2m70:69[22m  [31merror[39m  'el' is defined but never used             [2mno-unused-vars[22m
  [2m72:21[22m  [31merror[39m  Strings must use singlequote               [2mquotes[22m
  [2m72:43[22m  [31merror[39m  Strings must use singlequote               [2mquotes[22m

[4m/Users/i303717/Development/Asiamiles/sources/git/amiredeem/custom/asiamilesstorefront/web/webroot/_frontend/WEB-INF/_ui-src/responsive/aml/js/utils/mileSlider.js[24m
  [2m26:1[22m  [31merror[39m  Expected indentation of 10 spaces but found 12  [2mindent[22m

[4m/Users/i303717/Development/Asiamiles/sources/git/amiredeem/custom/asiamilesstorefront/web/webroot/_frontend/WEB-INF/_ui-src/responsive/aml/js/utils/popup.js[24m
   [2m17:1[22m  [31merror[39m  Expected indentation of 2 spaces but found 4    [2mindent[22m
   [2m19:1[22m  [31merror[39m  Expected indentation of 2 spaces but found 4    [2mindent[22m
   [2m20:1[22m  [31merror[39m  Expected indentation of 4 spaces but found 8    [2mindent[22m
   [2m22:1[22m  [31merror[39m  Expected indentation of 4 spaces but found 8    [2mindent[22m
   [2m23:1[22m  [31merror[39m  Expected indentation of 6 spaces but found 12   [2mindent[22m
   [2m24:1[22m  [31merror[39m  Expected indentation of 4 spaces but found 8    [2mindent[22m
   [2m25:1[22m  [31merror[39m  Expected indentation of 6 spaces but found 12   [2mindent[22m
   [2m26:1[22m  [31merror[39m  Expected indentation of 6 spaces but found 12   [2mindent[22m
   [2m27:1[22m  [31merror[39m  Expected indentation of 4 spaces but found 8    [2mindent[22m
   [2m28:1[22m  [31merror[39m  Expected indentation of 2 spaces but found 4    [2mindent[22m
   [2m30:1[22m  [31merror[39m  Expected indentation of 2 spaces but found 4    [2mindent[22m
   [2m31:1[22m  [31merror[39m  Expected indentation of 4 spaces but found 8    [2mindent[22m
   [2m32:1[22m  [31merror[39m  Expected indentation of 6 spaces but found 12   [2mindent[22m
   [2m34:1[22m  [31merror[39m  Expected indentation of 6 spaces but found 12   [2mindent[22m
   [2m35:1[22m  [31merror[39m  Expected indentation of 8 spaces but found 16   [2mindent[22m
   [2m36:1[22m  [31merror[39m  Expected indentation of 6 spaces but found 12   [2mindent[22m
   [2m37:1[22m  [31merror[39m  Expected indentation of 8 spaces but found 16   [2mindent[22m
   [2m38:1[22m  [31merror[39m  Expected indentation of 8 spaces but found 16   [2mindent[22m
   [2m39:1[22m  [31merror[39m  Expected indentation of 6 spaces but found 12   [2mindent[22m
   [2m40:1[22m  [31merror[39m  Expected indentation of 4 spaces but found 8    [2mindent[22m
   [2m41:1[22m  [31merror[39m  Expected indentation of 2 spaces but found 4    [2mindent[22m
   [2m45:1[22m  [31merror[39m  Expected indentation of 2 spaces but found 4    [2mindent[22m
   [2m47:1[22m  [31merror[39m  Expected indentation of 2 spaces but found 4    [2mindent[22m
   [2m48:1[22m  [31merror[39m  Expected indentation of 4 spaces but found 8    [2mindent[22m
   [2m49:1[22m  [31merror[39m  Expected indentation of 4 spaces but found 8    [2mindent[22m
   [2m50:1[22m  [31merror[39m  Expected indentation of 4 spaces but found 8    [2mindent[22m
   [2m51:1[22m  [31merror[39m  Expected indentation of 6 spaces but found 12   [2mindent[22m
   [2m52:1[22m  [31merror[39m  Expected indentation of 4 spaces but found 8    [2mindent[22m
   [2m53:1[22m  [31merror[39m  Expected indentation of 6 spaces but found 12   [2mindent[22m
   [2m54:1[22m  [31merror[39m  Expected indentation of 4 spaces but found 8    [2mindent[22m
   [2m56:1[22m  [31merror[39m  Expected indentation of 4 spaces but found 8    [2mindent[22m
   [2m57:1[22m  [31merror[39m  Expected indentation of 4 spaces but found 8    [2mindent[22m
   [2m59:1[22m  [31merror[39m  Expected indentation of 4 spaces but found 8    [2mindent[22m
   [2m60:1[22m  [31merror[39m  Expected indentation of 6 spaces but found 12   [2mindent[22m
   [2m61:1[22m  [31merror[39m  Expected indentation of 4 spaces but found 8    [2mindent[22m
   [2m62:1[22m  [31merror[39m  Expected indentation of 2 spaces but found 4    [2mindent[22m
   [2m64:1[22m  [31merror[39m  Expected indentation of 2 spaces but found 4    [2mindent[22m
   [2m65:1[22m  [31merror[39m  Expected indentation of 4 spaces but found 8    [2mindent[22m
   [2m66:1[22m  [31merror[39m  Expected indentation of 4 spaces but found 8    [2mindent[22m
   [2m67:1[22m  [31merror[39m  Expected indentation of 6 spaces but found 12   [2mindent[22m
   [2m68:1[22m  [31merror[39m  Expected indentation of 6 spaces but found 12   [2mindent[22m
   [2m69:1[22m  [31merror[39m  Expected indentation of 4 spaces but found 8    [2mindent[22m
   [2m70:1[22m  [31merror[39m  Expected indentation of 6 spaces but found 12   [2mindent[22m
   [2m71:1[22m  [31merror[39m  Expected indentation of 6 spaces but found 12   [2mindent[22m
   [2m72:1[22m  [31merror[39m  Expected indentation of 4 spaces but found 8    [2mindent[22m
   [2m74:1[22m  [31merror[39m  Expected indentation of 4 spaces but found 8    [2mindent[22m
   [2m75:1[22m  [31merror[39m  Expected indentation of 4 spaces but found 8    [2mindent[22m
   [2m77:1[22m  [31merror[39m  Expected indentation of 4 spaces but found 8    [2mindent[22m
   [2m78:1[22m  [31merror[39m  Expected indentation of 2 spaces but found 4    [2mindent[22m
   [2m83:1[22m  [31merror[39m  Expected indentation of 2 spaces but found 4    [2mindent[22m
   [2m84:1[22m  [31merror[39m  Expected indentation of 4 spaces but found 8    [2mindent[22m
   [2m85:1[22m  [31merror[39m  Expected indentation of 4 spaces but found 8    [2mindent[22m
   [2m86:1[22m  [31merror[39m  Expected indentation of 4 spaces but found 8    [2mindent[22m
   [2m87:1[22m  [31merror[39m  Expected indentation of 4 spaces but found 8    [2mindent[22m
   [2m88:1[22m  [31merror[39m  Expected indentation of 4 spaces but found 8    [2mindent[22m
   [2m89:1[22m  [31merror[39m  Expected indentation of 6 spaces but found 12   [2mindent[22m
   [2m90:1[22m  [31merror[39m  Expected indentation of 8 spaces but found 16   [2mindent[22m
   [2m91:1[22m  [31merror[39m  Expected indentation of 8 spaces but found 16   [2mindent[22m
   [2m92:1[22m  [31merror[39m  Expected indentation of 10 spaces but found 20  [2mindent[22m
   [2m93:1[22m  [31merror[39m  Expected indentation of 10 spaces but found 20  [2mindent[22m
   [2m94:1[22m  [31merror[39m  Expected indentation of 8 spaces but found 16   [2mindent[22m
   [2m95:1[22m  [31merror[39m  Expected indentation of 6 spaces but found 12   [2mindent[22m
   [2m97:1[22m  [31merror[39m  Expected indentation of 6 spaces but found 12   [2mindent[22m
   [2m98:1[22m  [31merror[39m  Expected indentation of 6 spaces but found 12   [2mindent[22m
   [2m99:1[22m  [31merror[39m  Expected indentation of 6 spaces but found 12   [2mindent[22m
  [2m100:1[22m  [31merror[39m  Expected indentation of 6 spaces but found 12   [2mindent[22m
  [2m101:1[22m  [31merror[39m  Expected indentation of 6 spaces but found 12   [2mindent[22m
  [2m103:1[22m  [31merror[39m  Expected indentation of 6 spaces but found 12   [2mindent[22m
  [2m104:1[22m  [31merror[39m  Expected indentation of 8 spaces but found 16   [2mindent[22m
  [2m105:1[22m  [31merror[39m  Expected indentation of 8 spaces but found 16   [2mindent[22m
  [2m106:1[22m  [31merror[39m  Expected indentation of 10 spaces but found 20  [2mindent[22m
  [2m107:1[22m  [31merror[39m  Expected indentation of 8 spaces but found 16   [2mindent[22m
  [2m108:1[22m  [31merror[39m  Expected indentation of 6 spaces but found 12   [2mindent[22m
  [2m109:1[22m  [31merror[39m  Expected indentation of 8 spaces but found 16   [2mindent[22m
  [2m110:1[22m  [31merror[39m  Expected indentation of 8 spaces but found 16   [2mindent[22m
  [2m111:1[22m  [31merror[39m  Expected indentation of 8 spaces but found 16   [2mindent[22m
  [2m112:1[22m  [31merror[39m  Expected indentation of 10 spaces but found 20  [2mindent[22m
  [2m113:1[22m  [31merror[39m  Expected indentation of 8 spaces but found 16   [2mindent[22m
  [2m114:1[22m  [31merror[39m  Expected indentation of 6 spaces but found 12   [2mindent[22m
  [2m115:1[22m  [31merror[39m  Expected indentation of 4 spaces but found 8    [2mindent[22m
  [2m116:1[22m  [31merror[39m  Expected indentation of 2 spaces but found 4    [2mindent[22m

[31m[1m✖ 88 problems (88 errors, 0 warnings)[22m[39m
[31m[1m[22m[39m[31m[1m  86 errors and 0 warnings potentially fixable with the `--fix` option.[22m[39m
[31m[1m[22m[39m